app/build/outputs/logs/manifest-merger-debug-report.txt
-- Merging decision tree log ---
manifest
ADDED from src\main\AndroidManifest.xml:2:1-113:12
	package
		ADDED from src\main\AndroidManifest.xml:3:5-30
		INJECTED from src\main\AndroidManifest.xml
		INJECTED from src\main\AndroidManifest.xml
	android:versionName
		ADDED from src\main\AndroidManifest.xml:5:5-30
		INJECTED from src\main\AndroidManifest.xml
		INJECTED from src\main\AndroidManifest.xml
	android:versionCode
		ADDED from src\main\AndroidManifest.xml:4:5-28
		INJECTED from src\main\AndroidManifest.xml
		INJECTED from src\main\AndroidManifest.xml
	xmlns:android
		ADDED from src\main\AndroidManifest.xml:2:11-69
uses-permission#android.permission.READ_CONTACTS
ADDED from src\main\AndroidManifest.xml:7:5-72
	android:name
		ADDED from src\main\AndroidManifest.xml:7:22-69
uses-permission#android.permission.CALL_PHONE
ADDED from src\main\AndroidManifest.xml:9:5-69
	android:name
		ADDED from src\main\AndroidManifest.xml:9:22-66
uses-permission#com.android.launcher.permission.INSTALL_SHORTCUT
ADDED from src\main\AndroidManifest.xml:12:5-88
	android:name
		ADDED from src\main\AndroidManifest.xml:12:22-85
uses-permission#com.android.launcher.permission.UNINSTALL_SHORTCUT
ADDED from src\main\AndroidManifest.xml:13:5-90
	android:name
		ADDED from src\main\AndroidManifest.xml:13:22-87
uses-permission#com.android.launcher.permission.READ_SETTINGS
ADDED from src\main\AndroidManifest.xml:15:5-85
	android:name
		ADDED from src\main\AndroidManifest.xml:15:22-82
uses-permission#android.permission.WRITE_SETTINGS
ADDED from src\main\AndroidManifest.xml:16:5-73
	android:name
		ADDED from src\main\AndroidManifest.xml:16:22-70
uses-permission#android.permission.RECEIVE_SMS
ADDED from src\main\AndroidManifest.xml:18:5-70
	android:name
		ADDED from src\main\AndroidManifest.xml:18:22-67
uses-permission#android.permission.GET_TASKS
ADDED from src\main\AndroidManifest.xml:19:5-68
	android:name
		ADDED from src\main\AndroidManifest.xml:19:22-65
uses-permission#android.permission.WAKE_LOCK
ADDED from src\main\AndroidManifest.xml:20:5-68
	android:name
		ADDED from src\main\AndroidManifest.xml:20:22-65
uses-permission#android.permission.ACCESS_COARSE_LOCATION
ADDED from src\main\AndroidManifest.xml:22:5-23:23
	android:name
		ADDED from src\main\AndroidManifest.xml:22:22-78
uses-permission#android.permission.ACCESS_FINE_LOCATION
ADDED from src\main\AndroidManifest.xml:26:5-27:23
	android:name
		ADDED from src\main\AndroidManifest.xml:26:22-76
uses-permission#android.permission.ACCESS_WIFI_STATE
ADDED from src\main\AndroidManifest.xml:29:5-30:23
	android:name
		ADDED from src\main\AndroidManifest.xml:29:22-73
uses-permission#android.permission.ACCESS_NETWORK_STATE
ADDED from src\main\AndroidManifest.xml:32:5-33:23
	android:name
		ADDED from src\main\AndroidManifest.xml:32:22-76
uses-permission#android.permission.CHANGE_WIFI_STATE
ADDED from src\main\AndroidManifest.xml:35:5-36:23
	android:name
		ADDED from src\main\AndroidManifest.xml:35:22-73
uses-permission#android.permission.READ_PHONE_STATE
ADDED from src\main\AndroidManifest.xml:38:5-39:23
	android:name
		ADDED from src\main\AndroidManifest.xml:38:22-72
uses-permission#android.permission.WRITE_EXTERNAL_STORAGE
ADDED from src\main\AndroidManifest.xml:41:5-42:23
	android:name
		ADDED from src\main\AndroidManifest.xml:41:22-78
uses-permission#android.permission.INTERNET
ADDED from src\main\AndroidManifest.xml:44:5-67
	android:name
		ADDED from src\main\AndroidManifest.xml:44:22-64
uses-permission#android.permission.MOUNT_UNMOUNT_FILESYSTEMS
ADDED from src\main\AndroidManifest.xml:46:5-47:23
	android:name
		ADDED from src\main\AndroidManifest.xml:46:22-81
uses-permission#android.permission.READ_LOGS
ADDED from src\main\AndroidManifest.xml:48:5-49:23
	android:name
		ADDED from src\main\AndroidManifest.xml:48:22-65
uses-permission#android.permission.VIBRATE
ADDED from src\main\AndroidManifest.xml:50:5-66
	android:name
		ADDED from src\main\AndroidManifest.xml:50:22-63
uses-sdk
ADDED from src\main\AndroidManifest.xml:52:5-54:41
MERGED from [com.android.support:support-v4:22.2.1] AndroidManifest.xml:20:5-43
MERGED from [com.huangdali:myhttputils:2.1.5] AndroidManifest.xml:7:5-9:41
	android:targetSdkVersion
		ADDED from src\main\AndroidManifest.xml:54:9-38
		INJECTED from src\main\AndroidManifest.xml
		INJECTED from src\main\AndroidManifest.xml
	android:minSdkVersion
		ADDED from src\main\AndroidManifest.xml:53:9-35
		INJECTED from src\main\AndroidManifest.xml
		INJECTED from src\main\AndroidManifest.xml
application
ADDED from src\main\AndroidManifest.xml:76:5-111:19
MERGED from [com.android.support:support-v4:22.2.1] AndroidManifest.xml:22:5-20
MERGED from [com.huangdali:myhttputils:2.1.5] AndroidManifest.xml:11:5-15:19
	android:label
		ADDED from src\main\AndroidManifest.xml:80:9-41
	android:supportsRtl
		ADDED from src\main\AndroidManifest.xml:81:9-35
	android:allowBackup
		ADDED from src\main\AndroidManifest.xml:78:9-35
	android:icon
		ADDED from src\main\AndroidManifest.xml:79:9-43
	android:theme
		ADDED from src\main\AndroidManifest.xml:82:9-40
	android:name
		ADDED from src\main\AndroidManifest.xml:77:9-62
service#com.baidu.location.f
ADDED from src\main\AndroidManifest.xml:83:9-91:19
	android:enabled
		ADDED from src\main\AndroidManifest.xml:85:13-35
	android:process
		ADDED from src\main\AndroidManifest.xml:86:13-38
	android:name
		ADDED from src\main\AndroidManifest.xml:84:13-48
intent-filter#com.baidu.location.service_v2.2
ADDED from src\main\AndroidManifest.xml:87:13-90:29
action#com.baidu.location.service_v2.2
ADDED from src\main\AndroidManifest.xml:88:17-89:26
	android:name
		ADDED from src\main\AndroidManifest.xml:88:25-71
meta-data#com.baidu.lbsapi.API_KEY
ADDED from src\main\AndroidManifest.xml:93:9-95:64
	android:value
		ADDED from src\main\AndroidManifest.xml:95:13-61
	android:name
		ADDED from src\main\AndroidManifest.xml:94:13-52
activity#com.hagk.dongni.activity.MainActivity
ADDED from src\main\AndroidManifest.xml:97:9-103:20
	android:name
		ADDED from src\main\AndroidManifest.xml:97:19-71
intent-filter#android.intent.action.MAIN+android.intent.category.LAUNCHER
ADDED from src\main\AndroidManifest.xml:98:13-102:29
action#android.intent.action.MAIN
ADDED from src\main\AndroidManifest.xml:99:17-69
	android:name
		ADDED from src\main\AndroidManifest.xml:99:25-66
category#android.intent.category.LAUNCHER
ADDED from src\main\AndroidManifest.xml:101:17-77
	android:name
		ADDED from src\main\AndroidManifest.xml:101:27-74
activity#com.hagk.dongni.activity.RegistActivity
ADDED from src\main\AndroidManifest.xml:104:9-76
	android:name
		ADDED from src\main\AndroidManifest.xml:104:19-73
activity#com.hagk.dongni.activity.LoginActivity
ADDED from src\main\AndroidManifest.xml:105:9-75
	android:name
		ADDED from src\main\AndroidManifest.xml:105:19-72
activity#com.hagk.dongni.activity.DeviceBindActivity
ADDED from src\main\AndroidManifest.xml:106:9-80
	android:name
		ADDED from src\main\AndroidManifest.xml:106:19-77
activity#com.hagk.dongni.activity.BaiduLocation
ADDED from src\main\AndroidManifest.xml:107:9-75
	android:name
		ADDED from src\main\AndroidManifest.xml:107:19-72
activity#com.hagk.dongni.activity.ChangePasswordActivity
ADDED from src\main\AndroidManifest.xml:108:9-84
	android:name
		ADDED from src\main\AndroidManifest.xml:108:19-81
activity#com.hagk.dongni.activity.AddContactActivity
ADDED from src\main\AndroidManifest.xml:109:9-80
	android:name
		ADDED from src\main\AndroidManifest.xml:109:19-77
activity#com.hagk.dongni.activity.PHQ9Activity
ADDED from src\main\AndroidManifest.xml:110:9-74
	android:name
		ADDED from src\main\AndroidManifest.xml:110:19-71